<?xml version="1.0" encoding="UTF-8"?>
<testng-results ignored="0" total="1" passed="1" failed="0" skipped="0">
  <reporter-output>
  </reporter-output>
  <suite started-at="2025-02-05T19:08:13 IST" name="Default suite" finished-at="2025-02-05T19:08:14 IST" duration-ms="1075">
    <groups>
    </groups>
    <test started-at="2025-02-05T19:08:13 IST" name="Default test" finished-at="2025-02-05T19:08:14 IST" duration-ms="1075">
      <class name="codeStudio.API_KeyAuthentication">
        <test-method signature="Verify_APIKey()[pri:0, instance:codeStudio.API_KeyAuthentication@776aec5c]" started-at="2025-02-05T19:08:13 IST" name="Verify_APIKey" finished-at="2025-02-05T19:08:14 IST" duration-ms="1052" status="PASS">
          <reporter-output>
          </reporter-output>
        </test-method> <!-- Verify_APIKey -->
      </class> <!-- codeStudio.API_KeyAuthentication -->
    </test> <!-- Default test -->
  </suite> <!-- Default suite -->
</testng-results>
