<?xml version="1.0" encoding="UTF-8"?>
<!-- Generated by org.testng.reporters.JUnitXMLReporter -->
<testsuite ignored="0" hostname="Akshays-MacBook-Air.local" failures="0" tests="5" name="Test" time="78.257" errors="0" timestamp="2025-01-31T23:27:33 IST">
  <testcase classname="testCases.TC03_SearchTest" name="testSearchFunctionality" time="4.656"/>
  <testcase classname="testCases.TC03_SearchTest" name="testSearchFunctionality" time="1.297"/>
  <testcase classname="testCases.TC03_SearchTest" name="testSearchFunctionality" time="0.717"/>
  <testcase classname="testCases.TC07_AddToCartTest" name="testCartItemDetails" time="15.333"/>
  <testcase classname="testCases.TC_09_PhonesAndPDA" name="VerifyPhone_PDA" time="6.934"/>
</testsuite> <!-- Test -->
